[07:20:06] [main/INFO]: Loading for game Minecraft 1.15.2
[07:20:06] [main/INFO]: [FabricLoader] Loading 34 mods: minecraft@1.15.2, fabric-networking-blockentity-v0@0.2.3+e08a73050c, fabric-renderer-api-v1@0.2.10+f08b61330c, fabric-keybindings-v0@0.1.1+dfdb52d60c, fabricloader@0.7.8+build.189, ulincspawns@0.0.1-Alpha.0, fabric-renderer-indigo@0.2.23+9290e2ed0c, fabric-containers-v0@0.1.3+b7f9825d0c, fabric-dimensions-v1@0.3.0+2ad156310c, fabric-biomes-v1@0.1.5+3b05f68e0c, fabric-crash-report-info-v1@0.1.2+b7f9825d0c, fabric-events-interaction-v0@0.3.0+fac69e320c, fabric-api-base@0.1.2+b7f9825d0c, fabric-rendering-v0@1.1.0+534104900c, fabric-rendering-v1@0.1.0+534104900c, fabric-rendering-data-attachment-v1@0.1.3+b7f9825d0c, fabric-resource-loader-v0@0.1.10+06c939b30c, fabric-textures-v0@1.0.4+821cdba70c, fabric-content-registries-v0@0.1.3+b7f9825d0c, fabric-tag-extensions-v0@0.1.3+abd915800c, fabric-rendering-fluids-v1@0.1.6+12515ed90c, fabric-commands-v0@0.1.2+b7f9825d0c, fabric-registry-sync-v0@0.2.6+f3d8141b0c, fabric-blockrenderlayer-v1@1.1.4+c6a8ea890c, fabric-mining-levels-v0@0.1.1+b7f9825d0c, fabric-renderer-registries-v1@2.0.1+5a0f9a600c, fabric-loot-tables-v1@0.1.5+e08a73050c, fabric-events-lifecycle-v0@0.1.2+b7f9825d0c, fabric@0.5.1+build.294-1.15, fabric-item-groups-v0@0.1.6+ec40b2e10c, fabric-models-v0@0.1.0+dfdb52d60c, fabric-particles-v1@0.1.1+dfdb52d60c, fabric-object-builders-v0@0.1.3+e4c9a9c30c, fabric-networking-v0@0.1.7+12515ed90c
[07:20:06] [main/INFO]: SpongePowered MIXIN Subsystem Version=0.8 Source=file:/home/ulincsys/.gradle/caches/modules-2/files-2.1/net.fabricmc/sponge-mixin/0.8+build.18/af077ad2845a00cde186fa2c99c4dd32bd2a2766/sponge-mixin-0.8+build.18.jar Service=Knot/Fabric Env=CLIENT
[07:20:06] [main/INFO]: Loaded Fabric development mappings for mixin remapper!
[07:20:06] [main/INFO]: Remapping refMap fabric-networking-v0-refmap.json using remapper chain
[07:20:07] [main/INFO]: Remapping refMap fabric-networking-blockentity-v0-refmap.json using remapper chain
[07:20:07] [main/INFO]: Remapping refMap fabric-biomes-v1-refmap.json using remapper chain
[07:20:07] [main/INFO]: Remapping refMap fabric-mining-levels-v0-refmap.json using remapper chain
[07:20:07] [main/INFO]: Remapping refMap fabric-containers-v0-refmap.json using remapper chain
[07:20:07] [main/INFO]: Remapping refMap fabric-renderer-indigo-refmap.json using remapper chain
[07:20:07] [main/INFO]: Remapping refMap fabric-rendering-data-attachment-v1-refmap.json using remapper chain
[07:20:07] [main/INFO]: Remapping refMap fabric-events-interaction-v0-refmap.json using remapper chain
[07:20:07] [main/INFO]: Remapping refMap fabric-loot-tables-v1-refmap.json using remapper chain
[07:20:07] [main/INFO]: Remapping refMap fabric-dimensions-v1-refmap.json using remapper chain
[07:20:07] [main/INFO]: Remapping refMap fabric-renderer-registries-v1-refmap.json using remapper chain
[07:20:07] [main/INFO]: Remapping refMap fabric-textures-v0-refmap.json using remapper chain
[07:20:07] [main/INFO]: Remapping refMap fabric-registry-sync-v0-refmap.json using remapper chain
[07:20:07] [main/INFO]: Remapping refMap fabric-models-v0-refmap.json using remapper chain
[07:20:07] [main/INFO]: Remapping refMap fabric-keybindings-v0-refmap.json using remapper chain
[07:20:07] [main/INFO]: Remapping refMap fabric-blockrenderlayer-v1-refmap.json using remapper chain
[07:20:07] [main/INFO]: Remapping refMap fabric-renderer-api-v1-refmap.json using remapper chain
[07:20:07] [main/INFO]: Remapping refMap fabric-containers-v0-refmap.json using remapper chain
[07:20:07] [main/INFO]: Remapping refMap fabric-events-lifecycle-v0-refmap.json using remapper chain
[07:20:07] [main/INFO]: Remapping refMap fabric-rendering-fluids-v1-refmap.json using remapper chain
[07:20:07] [main/INFO]: Remapping refMap fabric-resource-loader-v0-refmap.json using remapper chain
[07:20:07] [main/INFO]: Remapping refMap fabric-particles-v1-refmap.json using remapper chain
[07:20:07] [main/INFO]: Remapping refMap fabric-object-builders-refmap.json using remapper chain
[07:20:07] [main/INFO]: Remapping refMap fabric-tag-extensions-v0-refmap.json using remapper chain
[07:20:07] [main/INFO]: Remapping refMap fabric-rendering-v1-refmap.json using remapper chain
[07:20:07] [main/INFO]: Remapping refMap fabric-item-groups-v0-refmap.json using remapper chain
[07:20:07] [main/INFO]: Remapping refMap fabric-content-registries-v0-refmap.json using remapper chain
[07:20:07] [main/INFO]: Remapping refMap fabric-crash-report-info-v1-refmap.json using remapper chain
[07:20:07] [main/INFO]: Remapping refMap fabric-commands-v0-refmap.json using remapper chain
[07:20:07] [main/INFO]: Remapping refMap fabric-renderer-api-v1-refmap.json using remapper chain
[07:20:07] [main/INFO]: Setting user: Player600
[07:20:10] [main/INFO]: [Spawn detector] Initializing
[07:20:10] [main/INFO]: [Indigo] Registering Indigo renderer!
[07:20:10] [main/INFO]: Backend library: LWJGL version 3.2.2 build 10
[07:20:12] [main/INFO]: Narrator library successfully loaded
[07:20:12] [main/INFO]: Reloading ResourceManager: Default, Fabric Networking Block Entity (v0), Fabric Renderer API (v1), Fabric Key Bindings (v0), Spawn detector, Fabric Renderer - Indigo, Fabric Containers (v0), Fabric Biomes (v1), Fabric Crash Report Info (v1), Fabric Events Interaction (v0), Fabric API Base, Fabric Rendering (v0), Fabric Rendering (v1), Fabric Rendering Data Attachment (v1), Fabric Resource Loader (v0), Fabric Textures (v0), Fabric Content Registries (v0), Fabric Tag Extensions (v0), Fabric Rendering Fluids (v1), Fabric Commands (v0), Fabric Registry Sync (v0), Fabric BlockRenderLayer Registration (v1), Fabric Mining Levels (v0), Fabric Renderer Registries (v1), Fabric Loot Tables (v1), Fabric Events Lifecycle (v0), Fabric API, Fabric Item Groups (v0), Fabric Models (v0), Fabric Object Builders (v0), Fabric Networking (v0)
[07:20:13] [Realms Notification Availability checker #1/INFO]: Could not authorize you against Realms server: Invalid session id
[07:20:18] [Server-Worker-3/WARN]: Unable to load model: 'tutorial:fabric_item#inventory' referenced from: tutorial:fabric_item#inventory: java.io.FileNotFoundException: tutorial:models/item/fabric_item.json
[07:20:19] [main/INFO]: OpenAL initialized.
[07:20:19] [main/INFO]: Sound engine started
[07:20:19] [main/INFO]: Created: 1024x1024x4 minecraft:textures/atlas/blocks.png-atlas
[07:20:19] [main/INFO]: Created: 256x128x4 minecraft:textures/atlas/signs.png-atlas
[07:20:19] [main/INFO]: Created: 1024x512x4 minecraft:textures/atlas/banner_patterns.png-atlas
[07:20:19] [main/INFO]: Created: 1024x512x4 minecraft:textures/atlas/shield_patterns.png-atlas
[07:20:19] [main/INFO]: Created: 256x256x4 minecraft:textures/atlas/chest.png-atlas
[07:20:19] [main/INFO]: Created: 512x256x4 minecraft:textures/atlas/beds.png-atlas
[07:20:19] [main/INFO]: Created: 512x256x4 minecraft:textures/atlas/shulker_boxes.png-atlas
[07:20:19] [main/INFO]: Created: 256x256x0 minecraft:textures/atlas/particles.png-atlas
[07:20:19] [main/INFO]: Created: 256x256x0 minecraft:textures/atlas/paintings.png-atlas
[07:20:19] [main/INFO]: Created: 256x128x0 minecraft:textures/atlas/mob_effects.png-atlas
[07:21:00] [main/WARN]: Ambiguity between arguments [teleport, destination] and [teleport, targets] with inputs: [Player, 0123, @e, dd12be42-52a9-4a91-a8a1-11c01849e498]
[07:21:00] [main/WARN]: Ambiguity between arguments [teleport, location] and [teleport, destination] with inputs: [0.1 -0.5 .9, 0 0 0]
[07:21:00] [main/WARN]: Ambiguity between arguments [teleport, location] and [teleport, targets] with inputs: [0.1 -0.5 .9, 0 0 0]
[07:21:00] [main/WARN]: Ambiguity between arguments [teleport, targets] and [teleport, destination] with inputs: [Player, 0123, dd12be42-52a9-4a91-a8a1-11c01849e498]
[07:21:00] [main/WARN]: Ambiguity between arguments [teleport, targets, location] and [teleport, targets, destination] with inputs: [0.1 -0.5 .9, 0 0 0]
[07:21:00] [Server thread/INFO]: Starting integrated minecraft server version 1.15.2
[07:21:00] [Server thread/INFO]: Generating keypair
[07:21:00] [Server thread/INFO]: [fabric-registry-sync] Loaded registry data [file 1/4]
[07:21:00] [Server thread/INFO]: Found new data pack fabric/fabric-mining-levels-v0, loading it automatically
[07:21:00] [Server thread/INFO]: Found new data pack vanilla, loading it automatically
[07:21:00] [Server thread/INFO]: Reloading ResourceManager: Default, Fabric Mining Levels (v0)
[07:21:01] [Server thread/INFO]: Loaded 6 recipes
[07:21:01] [Server thread/INFO]: Loaded 825 advancements
[07:21:05] [Server thread/INFO]: Preparing start region for dimension minecraft:overworld
[07:21:06] [main/INFO]: Preparing spawn area: 0%
[07:21:06] [main/INFO]: Preparing spawn area: 0%
[07:21:07] [main/INFO]: Preparing spawn area: 1%
[07:21:07] [main/INFO]: Preparing spawn area: 2%
[07:21:08] [main/INFO]: Preparing spawn area: 5%
[07:21:08] [main/INFO]: Preparing spawn area: 6%
[07:21:09] [main/INFO]: Preparing spawn area: 10%
[07:21:09] [main/INFO]: Preparing spawn area: 14%
[07:21:10] [main/INFO]: Preparing spawn area: 18%
[07:21:10] [main/INFO]: Preparing spawn area: 23%
[07:21:11] [main/INFO]: Preparing spawn area: 24%
[07:21:11] [main/INFO]: Preparing spawn area: 32%
[07:21:12] [main/INFO]: Preparing spawn area: 33%
[07:21:12] [main/INFO]: Preparing spawn area: 41%
[07:21:13] [main/INFO]: Preparing spawn area: 44%
[07:21:13] [main/INFO]: Preparing spawn area: 49%
[07:21:14] [main/INFO]: Preparing spawn area: 54%
[07:21:14] [main/INFO]: Preparing spawn area: 57%
[07:21:15] [main/INFO]: Preparing spawn area: 61%
[07:21:15] [main/INFO]: Preparing spawn area: 66%
[07:21:16] [main/INFO]: Preparing spawn area: 70%
[07:21:16] [main/INFO]: Preparing spawn area: 74%
[07:21:17] [main/INFO]: Preparing spawn area: 78%
[07:21:17] [main/INFO]: Preparing spawn area: 82%
[07:21:18] [main/INFO]: Preparing spawn area: 87%
[07:21:18] [main/INFO]: Preparing spawn area: 90%
[07:21:19] [main/INFO]: Preparing spawn area: 96%
[07:21:19] [main/INFO]: Time elapsed: 13438 ms
[07:21:19] [Server thread/INFO]: Changing view distance to 11, from 10
[07:21:20] [Server thread/INFO]: Player600[local:E:86353703] logged in with entity id 380 at (146.5, 65.0, -229.5)
[07:21:20] [Server thread/INFO]: Player600 joined the game
[07:21:20] [Server thread/INFO]: Saving and pausing game...
[07:21:20] [Server thread/INFO]: Saving chunks for level 'Test'/minecraft:overworld
[07:21:21] [Server thread/INFO]: Saving chunks for level 'Test'/minecraft:the_nether
[07:21:21] [Server thread/INFO]: Saving chunks for level 'Test'/minecraft:the_end
[07:21:21] [main/INFO]: Loaded 0 advancements
[07:21:29] [Server thread/INFO]: Saving and pausing game...
[07:21:29] [Server thread/INFO]: Saving chunks for level 'Test'/minecraft:overworld
[07:21:29] [Server thread/INFO]: Saving chunks for level 'Test'/minecraft:the_nether
[07:21:29] [Server thread/INFO]: Saving chunks for level 'Test'/minecraft:the_end
[07:21:58] [Server thread/INFO]: Saving and pausing game...
[07:21:58] [Server thread/INFO]: Saving chunks for level 'Test'/minecraft:overworld
[07:21:59] [Server thread/INFO]: Saving chunks for level 'Test'/minecraft:the_nether
[07:21:59] [Server thread/INFO]: Saving chunks for level 'Test'/minecraft:the_end
[07:21:59] [Server thread/INFO]: Player600 lost connection: Disconnected
[07:21:59] [Server thread/INFO]: Player600 left the game
[07:21:59] [Server thread/INFO]: Stopping singleplayer server as player logged out
[07:21:59] [Server thread/INFO]: Stopping server
[07:21:59] [Server thread/INFO]: Saving players
[07:21:59] [Server thread/INFO]: Saving worlds
[07:21:59] [Server thread/INFO]: Saving chunks for level 'Test'/minecraft:overworld
[07:22:00] [Server thread/INFO]: ThreadedAnvilChunkStorage (Test): All chunks are saved
[07:22:00] [Server thread/INFO]: Saving chunks for level 'Test'/minecraft:the_nether
[07:22:00] [Server thread/INFO]: ThreadedAnvilChunkStorage (DIM-1): All chunks are saved
[07:22:00] [Server thread/INFO]: Saving chunks for level 'Test'/minecraft:the_end
[07:22:00] [Server thread/INFO]: ThreadedAnvilChunkStorage (DIM1): All chunks are saved
[07:22:00] [Server thread/INFO]: ThreadedAnvilChunkStorage (Test): All chunks are saved
[07:22:00] [Server thread/INFO]: ThreadedAnvilChunkStorage (DIM-1): All chunks are saved
[07:22:00] [Server thread/INFO]: ThreadedAnvilChunkStorage (DIM1): All chunks are saved
[07:22:03] [main/INFO]: Stopping!
